<?xml version="1.0" encoding="UTF-8"?>
<testng-results ignored="0" total="1" passed="1" failed="0" skipped="0">
  <reporter-output>
  </reporter-output>
  <suite started-at="2020-02-13T23:15:20 BRT" name="guru.springframework.JavaHelloWorldTest" finished-at="2020-02-13T23:15:20 BRT" duration-ms="68">
    <groups>
    </groups>
    <test started-at="2020-02-13T23:15:20 BRT" name="Command line test" finished-at="2020-02-13T23:15:20 BRT" duration-ms="68">
      <class name="guru.springframework.JavaHelloWorldTest">
        <test-method signature="testGetHello()[pri:0, instance:guru.springframework.JavaHelloWorldTest@4f063c0a]" started-at="2020-02-13T23:15:20 BRT" name="testGetHello" finished-at="2020-02-13T23:15:20 BRT" duration-ms="6" status="PASS">
          <reporter-output>
          </reporter-output>
        </test-method> <!-- testGetHello -->
      </class> <!-- guru.springframework.JavaHelloWorldTest -->
    </test> <!-- Command line test -->
  </suite> <!-- guru.springframework.JavaHelloWorldTest -->
</testng-results>
